C51 COMPILER V7.10   MAIN                                                                  07/14/2015 15:13:37 PAGE 1   


C51 COMPILER V7.10, COMPILATION OF MODULE MAIN
OBJECT MODULE PLACED IN main.OBJ
COMPILER INVOKED BY: C:\Keil\C51\BIN\C51.EXE main.c LARGE BROWSE DEBUG OBJECTEXTEND

line level    source

   1          #include "ses_v3.h"
   2          
   3          void bubble_sort(unsigned char*p, int len)
   4          {
   5   1         int i,j;
   6   1         unsigned char tmp;
   7   1         for (i=0;i<len-1;i++)
   8   1         {
   9   2                      for (j=0;j<len-i-1;j++)
  10   2                      {
  11   3                              if (p[j]<p[j+1])
  12   3                              {
  13   4                                      tmp=p[j];
  14   4                                      p[j]=p[j+1];
  15   4                                      p[j+1]=tmp;
  16   4                          }
  17   3                      }
  18   2              }
  19   1      }
  20          
  21          
  22          void main()
  23          {
  24   1              unsigned char *test=pbInBuff;   //a pointer pointing to the input buffer.
  25   1              int len=bInLen;                                 //buffer length.
  26   1      
  27   1              bubble_sort(test,len);
  28   1      
  29   1              _set_response(len,test);           //send out.
  30   1              _exit();
  31   1      }
  32          


MODULE INFORMATION:   STATIC OVERLAYABLE
   CODE SIZE        =    296    ----
   CONSTANT SIZE    =   ----    ----
   XDATA SIZE       =   ----      15
   PDATA SIZE       =   ----    ----
   DATA SIZE        =   ----    ----
   IDATA SIZE       =   ----    ----
   BIT SIZE         =   ----    ----
END OF MODULE INFORMATION.


C51 COMPILATION COMPLETE.  0 WARNING(S),  0 ERROR(S)
